<?xml version="1.0" encoding="UTF-8"?>
<!-- Generated by org.testng.reporters.JUnitXMLReporter -->
<testsuite ignored="0" hostname="dontha-pc" failures="0" tests="4" name="Default test" time="0.186" errors="0" timestamp="04 Oct 2018 14:09:19 GMT">
  <testcase classname="com.MavenPrac.maven.Test1" name="div" time="0.024"/>
  <testcase classname="com.MavenPrac.maven.Test1" name="mul" time="0.003"/>
  <testcase classname="com.MavenPrac.maven.Test1" name="sub" time="0.004"/>
  <testcase classname="com.MavenPrac.maven.Test1" name="sum" time="0.002"/>
</testsuite> <!-- Default test -->
