<?xml version="1.0" encoding="UTF-8"?>
<!-- Generated by org.testng.reporters.JUnitXMLReporter -->
<testsuite ignored="0" hostname="dontha-pc" failures="0" tests="8" name="Command line test" time="0.062" errors="0" timestamp="06 Oct 2018 14:52:33 GMT">
  <testcase classname="com.MavenPrac.maven.Test1" name="div" time="0.013"/>
  <testcase classname="com.MavenPrac.maven.Test1" name="mul" time="0.001"/>
  <testcase classname="com.MavenPrac.maven.Test1" name="sub" time="0.001"/>
  <testcase classname="com.MavenPrac.maven.Test1" name="sum" time="0.0"/>
  <testcase classname="com.MavenPrac.maven.Test2" name="div2" time="0.0"/>
  <testcase classname="com.MavenPrac.maven.Test2" name="mul2" time="0.0"/>
  <testcase classname="com.MavenPrac.maven.Test2" name="sub2" time="0.0"/>
  <testcase classname="com.MavenPrac.maven.Test2" name="sum2" time="0.001"/>
</testsuite> <!-- Command line test -->
