<?xml version="1.0" encoding="UTF-8"?>
<testng-results ignored="0" total="8" passed="8" failed="0" skipped="0">
  <reporter-output>
  </reporter-output>
  <suite started-at="2018-10-06T14:52:33Z" name="Command line suite" finished-at="2018-10-06T14:52:33Z" duration-ms="62">
    <groups>
    </groups>
    <test started-at="2018-10-06T14:52:33Z" name="Command line test" finished-at="2018-10-06T14:52:33Z" duration-ms="62">
      <class name="com.MavenPrac.maven.Test1">
        <test-method signature="div()[pri:0, instance:com.MavenPrac.maven.Test1@48aaecc3]" started-at="2018-10-06T14:52:33Z" name="div" finished-at="2018-10-06T14:52:33Z" duration-ms="13" status="PASS">
          <reporter-output>
          </reporter-output>
        </test-method> <!-- div -->
        <test-method signature="mul()[pri:0, instance:com.MavenPrac.maven.Test1@48aaecc3]" started-at="2018-10-06T14:52:33Z" name="mul" finished-at="2018-10-06T14:52:33Z" duration-ms="1" status="PASS">
          <reporter-output>
          </reporter-output>
        </test-method> <!-- mul -->
        <test-method signature="sub()[pri:0, instance:com.MavenPrac.maven.Test1@48aaecc3]" started-at="2018-10-06T14:52:33Z" name="sub" finished-at="2018-10-06T14:52:33Z" duration-ms="1" status="PASS">
          <reporter-output>
          </reporter-output>
        </test-method> <!-- sub -->
        <test-method signature="sum()[pri:0, instance:com.MavenPrac.maven.Test1@48aaecc3]" started-at="2018-10-06T14:52:33Z" name="sum" finished-at="2018-10-06T14:52:33Z" duration-ms="0" status="PASS">
          <reporter-output>
          </reporter-output>
        </test-method> <!-- sum -->
      </class> <!-- com.MavenPrac.maven.Test1 -->
      <class name="com.MavenPrac.maven.Test2">
        <test-method signature="div2()[pri:0, instance:com.MavenPrac.maven.Test2@7c0c77c7]" started-at="2018-10-06T14:52:33Z" name="div2" finished-at="2018-10-06T14:52:33Z" duration-ms="0" status="PASS">
          <reporter-output>
          </reporter-output>
        </test-method> <!-- div2 -->
        <test-method signature="mul2()[pri:0, instance:com.MavenPrac.maven.Test2@7c0c77c7]" started-at="2018-10-06T14:52:33Z" name="mul2" finished-at="2018-10-06T14:52:33Z" duration-ms="0" status="PASS">
          <reporter-output>
          </reporter-output>
        </test-method> <!-- mul2 -->
        <test-method signature="sub2()[pri:0, instance:com.MavenPrac.maven.Test2@7c0c77c7]" started-at="2018-10-06T14:52:33Z" name="sub2" finished-at="2018-10-06T14:52:33Z" duration-ms="0" status="PASS">
          <reporter-output>
          </reporter-output>
        </test-method> <!-- sub2 -->
        <test-method signature="sum2()[pri:0, instance:com.MavenPrac.maven.Test2@7c0c77c7]" started-at="2018-10-06T14:52:33Z" name="sum2" finished-at="2018-10-06T14:52:33Z" duration-ms="1" status="PASS">
          <reporter-output>
          </reporter-output>
        </test-method> <!-- sum2 -->
      </class> <!-- com.MavenPrac.maven.Test2 -->
    </test> <!-- Command line test -->
  </suite> <!-- Command line suite -->
</testng-results>
