<?xml version="1.0" encoding="UTF-8"?>
<testng-results ignored="0" total="4" passed="4" failed="0" skipped="0">
  <reporter-output>
  </reporter-output>
  <suite started-at="2018-10-04T14:09:18Z" name="Default suite" finished-at="2018-10-04T14:09:19Z" duration-ms="186">
    <groups>
    </groups>
    <test started-at="2018-10-04T14:09:18Z" name="Default test" finished-at="2018-10-04T14:09:19Z" duration-ms="186">
      <class name="com.MavenPrac.maven.Test1">
        <test-method signature="div()[pri:0, instance:com.MavenPrac.maven.Test1@24313fcc]" started-at="2018-10-04T14:09:19Z" name="div" finished-at="2018-10-04T14:09:19Z" duration-ms="24" status="PASS">
          <reporter-output>
          </reporter-output>
        </test-method> <!-- div -->
        <test-method signature="mul()[pri:0, instance:com.MavenPrac.maven.Test1@24313fcc]" started-at="2018-10-04T14:09:19Z" name="mul" finished-at="2018-10-04T14:09:19Z" duration-ms="3" status="PASS">
          <reporter-output>
          </reporter-output>
        </test-method> <!-- mul -->
        <test-method signature="sub()[pri:0, instance:com.MavenPrac.maven.Test1@24313fcc]" started-at="2018-10-04T14:09:19Z" name="sub" finished-at="2018-10-04T14:09:19Z" duration-ms="4" status="PASS">
          <reporter-output>
          </reporter-output>
        </test-method> <!-- sub -->
        <test-method signature="sum()[pri:0, instance:com.MavenPrac.maven.Test1@24313fcc]" started-at="2018-10-04T14:09:19Z" name="sum" finished-at="2018-10-04T14:09:19Z" duration-ms="2" status="PASS">
          <reporter-output>
          </reporter-output>
        </test-method> <!-- sum -->
      </class> <!-- com.MavenPrac.maven.Test1 -->
    </test> <!-- Default test -->
  </suite> <!-- Default suite -->
</testng-results>
